¿Deseas ejecutar el Paso 1 (Borrar instancias de Dockers y redes)? (s/n): s
Total reclaimed space: 0B
Total reclaimed space: 0B
Using docker and docker-compose
Stopping network
Removing network fabric_test
WARNING: Network fabric_test not found.
Removing network compose_default
WARNING: Network compose_default not found.
Removing volume compose_orderer.autopistasmop.com
WARNING: Volume compose_orderer.autopistasmop.com not found.
Removing volume compose_orderer2.example.com
WARNING: Volume compose_orderer2.example.com not found.
Removing volume compose_orderer3.example.com
WARNING: Volume compose_orderer3.example.com not found.
Removing volume compose_orderer4.example.com
WARNING: Volume compose_orderer4.example.com not found.
Removing volume compose_peer0.mop.autopistasmop.com
WARNING: Volume compose_peer0.mop.autopistasmop.com not found.
Removing volume compose_peer0.ruta78.autopistasmop.com
WARNING: Volume compose_peer0.ruta78.autopistasmop.com not found.
Removing volume compose_peer0.org3.example.com
WARNING: Volume compose_peer0.org3.example.com not found.
Error response from daemon: get docker_orderer.autopistasmop.com: no such volume
Error response from daemon: get docker_peer0.mop.autopistasmop.com: no such volume
Error response from daemon: get docker_peer0.ruta78.autopistasmop.com: no such volume
Removing remaining containers
Removing generated chaincode docker images
¿Deseas ejecutar el Paso 2 (Clonar repo de base)? (s/n): n
¿Deseas ejecutar el Paso 3 (Instalar editor de json)? (s/n): n
¿Deseas ejecutar el Paso 4 (Borrar instancias de Dockers residuales)? (s/n): s
Total reclaimed space: 0B
¿Deseas ejecutar el Paso 5 (Borrar carpetas de certificados y artefactos)? (s/n): s
¿Deseas ejecutar el Paso 6 (Crear certificados de las Org)? (s/n): s
mop.autopistasmop.com
ruta78.autopistasmop.com
¿Deseas ejecutar el Paso 7 (Arrancar la red con 1 orderer, 2 orgs y 2 couchdbs)? (s/n): s
Creating network "autopistas_g7_network" with the default driver
Creating volume "docker_orderer.autopistasmop.com" with default driver
Creating volume "docker_peer0.mop.autopistasmop.com" with default driver
Creating volume "docker_peer0.ruta78.autopistasmop.com" with default driver
Creating couchdb0                       ... done
Creating orderer.autopistasmop.com ... done
Creating couchdb1                  ... done
Creating peer0.ruta78.autopistasmop.com ... done
Creating peer0.mop.autopistasmop.com    ... done
Creating cli                            ... done
¿Deseas ejecutar el Paso 8 (Crear los canales)? (s/n): s
2024-07-09 17:57:52.827 -04 [common.tools.configtxgen] main -> INFO 001 Loading configuration
2024-07-09 17:57:52.831 -04 [common.tools.configtxgen.localconfig] completeInitialization -> INFO 002 orderer type: etcdraft
2024-07-09 17:57:52.831 -04 [common.tools.configtxgen.localconfig] completeInitialization -> INFO 003 Orderer.EtcdRaft.Options unset, setting to tick_interval:"500ms" election_tick:10 heartbeat_tick:1 max_inflight_blocks:5 snapshot_interval_size:16777216 
2024-07-09 17:57:52.831 -04 [common.tools.configtxgen.localconfig] Load -> INFO 004 Loaded configuration: /home/ubuntu/Documents/GitHub/hyperledger-fabric/fabric-samples/autopistas_g7/configtx/configtx.yaml
2024-07-09 17:57:52.832 -04 [common.tools.configtxgen] doOutputBlock -> INFO 005 Generating genesis block
2024-07-09 17:57:52.832 -04 [common.tools.configtxgen] doOutputBlock -> INFO 006 Creating application channel genesis block
2024-07-09 17:57:52.832 -04 [common.tools.configtxgen] doOutputBlock -> INFO 007 Writing genesis block
Status: 201
{
        "name": "autopistaschannel",
        "url": "/participation/v1/channels/autopistaschannel",
        "consensusRelation": "consenter",
        "status": "active",
        "height": 1
}

Status: 200
{
        "systemChannel": null,
        "channels": [
                {
                        "name": "autopistaschannel",
                        "url": "/participation/v1/channels/autopistaschannel"
                }
        ]
}

¿Deseas ejecutar el Paso 9 (Adherir Org1 al Orderer)? (s/n): s
2024-07-09 17:57:59.391 -04 [channelCmd] InitCmdFactory -> INFO 001 Endorser and orderer connections initialized
2024-07-09 17:57:59.561 -04 [channelCmd] executeJoin -> INFO 002 Successfully submitted proposal to join channel
¿Deseas ejecutar el Paso 10 (Adherir Org2 al Orderer)? (s/n): s
2024-07-09 17:58:02.576 -04 [channelCmd] InitCmdFactory -> INFO 001 Endorser and orderer connections initialized
2024-07-09 17:58:02.752 -04 [channelCmd] executeJoin -> INFO 002 Successfully submitted proposal to join channel